  
Warning: *** SUPPORT EXPIRED, NEW PRODUCT SERIAL NUMBER REQUIRED ***
         *** Running with Code Size Limit: 32K                   ***
*** Using Compiler 'V5.06 update 7 (build 960)', folder: 'C:\Keil_v5\ARM\ARMCC\Bin'
Build target 'JHRobotControl_407VE'
assembling startup_stm32f40_41xxx.s...
compiling out.c...
compiling stm32f4xx_it.c...
compiling MotorInit.c...
compiling w25qxx.c...
compiling spi.c...
compiling system_stm32f4xx.c...
compiling Delay.c...
compiling in.c...
compiling can.c...
compiling TIM6_USART1_IRQ.c...
compiling main.c...
..\MOTION_CONTROL\DragTeach.h(22): warning:  #1295-D: Deprecated declaration TorqueProcess - give arg types
  void TorqueProcess();
..\MOTION_CONTROL\DragTeach.h(23): warning:  #1295-D: Deprecated declaration TorqueProcess_T - give arg types
  void TorqueProcess_T();
..\MOTION_CONTROL\DragTeach.h(30): warning:  #1-D: last line of file ends without a newline
  #endif
main.c: 3 warnings, 0 errors
compiling stmflash.c...
compiling Auto_2.c...
compiling Auto.c...
compiling BackToOrigin.c...
compiling SignalWatch.c...
compiling StatusControl.c...
compiling Manual.c...
compiling Error.c...
compiling JDZ.c...
compiling MD.c...
compiling Usart.c...
compiling SpeedControl.c...
compiling Parameter.c...
compiling ActionOperate.c...
compiling DragTeach.c...
..\MOTION_CONTROL\DragTeach.h(22): warning:  #1295-D: Deprecated declaration TorqueProcess - give arg types
  void TorqueProcess();
..\MOTION_CONTROL\DragTeach.h(23): warning:  #1295-D: Deprecated declaration TorqueProcess_T - give arg types
  void TorqueProcess_T();
..\MOTION_CONTROL\DragTeach.h(30): warning:  #1-D: last line of file ends without a newline
  #endif
..\MOTION_CONTROL\DragTeach.c: 3 warnings, 0 errors
compiling misc.c...
compiling stm32f4xx_gpio.c...
compiling ExtendCom.c...
compiling stm32f4xx_rcc.c...
compiling stm32f4xx_usart.c...
compiling stm32f4xx_syscfg.c...
compiling stm32f4xx_can.c...
compiling stm32f4xx_dma.c...
compiling stm32f4xx_exti.c...
compiling stm32f4xx_i2c.c...
compiling stm32f4xx_pwr.c...
compiling stm32f4xx_rng.c...
compiling stm32f4xx_flash.c...
compiling stm32f4xx_spi.c...
compiling stm32f4xx_rtc.c...
compiling stm32f4xx_tim.c...
compiling CANopen.c...
compiling NMT.c...
compiling PDO.c...
compiling SDO.c...
compiling LAN8742A.c...
compiling netconf.c...
compiling EtherCAT_App.c...
compiling bsp_SysTick.c...
..\EtherCAT\systick\bsp_SysTick.c(85): warning:  #188-D: enumerated type mixed with another type
     return is_not_yet_expired == FALSE;
..\EtherCAT\systick\bsp_SysTick.c: 1 warning, 0 errors
compiling ethercatbase.c...
compiling crc16.c...
compiling stm32f429_eth.c...
compiling cycle_queue.c...
compiling ethercatdc.c...
..\EtherCAT\soem\ethercatdc.c(73): warning:  #550-D: variable "wc"  was set but never used
     uint16 wc, slaveh;
..\EtherCAT\soem\ethercatdc.c(125): warning:  #550-D: variable "wc"  was set but never used
     uint16 wc, slaveh;
..\EtherCAT\soem\ethercatdc.c(271): warning:  #550-D: variable "wc"  was set but never used
     uint16 i, wc, slaveh, parent, child;
..\EtherCAT\soem\ethercatdc.c: 3 warnings, 0 errors
compiling ethercatcoe.c...
compiling ethercatconfig.c...
compiling ethercatfoe.c...
..\EtherCAT\soem\ethercatfoe.c(95): warning:  #513-D: a value of type "void *" cannot be assigned to an entity of type "int (*)(uint16, int, int)"
    context->FOEhook = hook; 
..\EtherCAT\soem\ethercatfoe.c: 1 warning, 0 errors
compiling ethercatmain.c...
..\EtherCAT\soem\ethercatmain.c(214): warning:  #188-D: enumerated type mixed with another type
     boolean notEmpty = (context->elist->head != context->elist->tail);
..\EtherCAT\soem\ethercatmain.c(240): warning:  #188-D: enumerated type mixed with another type
     return (context->elist->head != context->elist->tail);
..\EtherCAT\soem\ethercatmain.c(1850): warning:  #177-D: function "ec_mbxerror"  was declared but never referenced
  static void ec_mbxerror(uint16 Slave,uint16 Detail)
..\EtherCAT\soem\ethercatmain.c(1855): warning:  #177-D: function "ec_mbxemergencyerror"  was declared but never referenced
  static void ec_mbxemergencyerror(uint16 Slave,uint16 ErrorCode,uint16 ErrorReg,
..\EtherCAT\soem\ethercatmain.c: 4 warnings, 0 errors
compiling ethercatsoe.c...
compiling nicdrv.c...
linking...
Program Size: Code=142012 RO-data=1124 RW-data=1512 ZI-data=85640  
FromELF: creating hex file...
"..\OBJ\JHRobotControl_407VE.axf" - 0 Error(s), 16 Warning(s).
Build Time Elapsed:  00:00:05
